# JRE version: OpenJDK Runtime Environment Temurin-22.0.2+9 (22.0.2+9) (build 22.0.2+9)
# Java VM: OpenJDK 64-Bit Server VM Temurin-22.0.2+9 (22.0.2+9, mixed mode, emulated-client, tiered, compressed oops, compressed class ptrs, g1 gc, windows-amd64)
GC Precious Log:
 CardTable entry size: 512
 Card Set container configuration: InlinePtr #cards 4 size 8 Array Of Cards #cards 16 size 48 Howl #buckets 8 coarsen threshold 3686 Howl Bitmap #cards 512 size 80 coarsen threshold 460 Card regions per heap region 1 cards per card region 4096
 CPUs: 8 total, 8 available
 Memory: 16161M
 Large Page Support: Disabled
 NUMA Support: Disabled
 Compressed Oops: Enabled (Zero based)
 Heap Region Size: 2M
 Heap Min Capacity: 8M
 Heap Initial Capacity: 254M
 Heap Max Capacity: 4042M
 Pre-touch: Disabled
 Parallel Workers: 8
 Concurrent Workers: 2
 Concurrent Refinement Workers: 8
 Periodic GC: Disabled
Heap:
 garbage-first heap   total reserved 4139008K, committed 122880K, used 104066K [0x0000000703600000, 0x0000000800000000)
  region size 2048K, 33 young (67584K), 3 survivors (6144K)
 Metaspace       used 98815K, committed 99776K, reserved 1179648K
  class space    used 13465K, committed 13888K, reserved 1048576K
GC Heap History (20 events):
Event: 3.701 GC heap before
{Heap before GC invocations=13 (full 0):
 garbage-first heap   total reserved 4139008K, committed 161792K, used 109743K [0x0000000703600000, 0x0000000800000000)
  region size 2048K, 47 young (96256K), 5 survivors (10240K)
 Metaspace       used 51662K, committed 52288K, reserved 1114112K
  class space    used 6745K, committed 7040K, reserved 1048576K
}
Event: 3.707 GC heap after
{Heap after GC invocations=14 (full 0):
 garbage-first heap   total reserved 4139008K, committed 161792K, used 25084K [0x0000000703600000, 0x0000000800000000)
  region size 2048K, 4 young (8192K), 4 survivors (8192K)
 Metaspace       used 51662K, committed 52288K, reserved 1114112K
  class space    used 6745K, committed 7040K, reserved 1048576K
}
Event: 4.155 GC heap before
{Heap before GC invocations=14 (full 0):
 garbage-first heap   total reserved 4139008K, committed 161792K, used 104956K [0x0000000703600000, 0x0000000800000000)
  region size 2048K, 44 young (90112K), 4 survivors (8192K)
 Metaspace       used 59644K, committed 60288K, reserved 1114112K
  class space    used 7768K, committed 8064K, reserved 1048576K
}
Event: 4.162 GC heap after
{Heap after GC invocations=15 (full 0):
 garbage-first heap   total reserved 4139008K, committed 161792K, used 27069K [0x0000000703600000, 0x0000000800000000)
  region size 2048K, 3 young (6144K), 3 survivors (6144K)
 Metaspace       used 59644K, committed 60288K, reserved 1114112K
  class space    used 7768K, committed 8064K, reserved 1048576K
}
Event: 4.563 GC heap before
{Heap before GC invocations=16 (full 0):
 garbage-first heap   total reserved 4139008K, committed 102400K, used 84413K [0x0000000703600000, 0x0000000800000000)
  region size 2048K, 30 young (61440K), 3 survivors (6144K)
 Metaspace       used 64084K, committed 64832K, reserved 1114112K
  class space    used 8374K, committed 8704K, reserved 1048576K
}
Event: 4.567 GC heap after
{Heap after GC invocations=17 (full 0):
 garbage-first heap   total reserved 4139008K, committed 102400K, used 30251K [0x0000000703600000, 0x0000000800000000)
  region size 2048K, 3 young (6144K), 3 survivors (6144K)
 Metaspace       used 64084K, committed 64832K, reserved 1114112K
  class space    used 8374K, committed 8704K, reserved 1048576K
}
Event: 4.898 GC heap before
{Heap before GC invocations=17 (full 0):
 garbage-first heap   total reserved 4139008K, committed 102400K, used 85547K [0x0000000703600000, 0x0000000800000000)
  region size 2048K, 30 young (61440K), 3 survivors (6144K)
 Metaspace       used 69716K, committed 70400K, reserved 1114112K
  class space    used 9360K, committed 9664K, reserved 1048576K
}
Event: 4.903 GC heap after
{Heap after GC invocations=18 (full 0):
 garbage-first heap   total reserved 4139008K, committed 102400K, used 30803K [0x0000000703600000, 0x0000000800000000)
  region size 2048K, 3 young (6144K), 3 survivors (6144K)
 Metaspace       used 69716K, committed 70400K, reserved 1114112K
  class space    used 9360K, committed 9664K, reserved 1048576K
}
Event: 5.284 GC heap before
{Heap before GC invocations=18 (full 0):
 garbage-first heap   total reserved 4139008K, committed 102400K, used 86099K [0x0000000703600000, 0x0000000800000000)
  region size 2048K, 30 young (61440K), 3 survivors (6144K)
 Metaspace       used 73898K, committed 74624K, reserved 1114112K
  class space    used 10006K, committed 10304K, reserved 1048576K
}
Event: 5.288 GC heap after
{Heap after GC invocations=19 (full 0):
 garbage-first heap   total reserved 4139008K, committed 122880K, used 32210K [0x0000000703600000, 0x0000000800000000)
  region size 2048K, 3 young (6144K), 3 survivors (6144K)
 Metaspace       used 73898K, committed 74624K, reserved 1114112K
  class space    used 10006K, committed 10304K, reserved 1048576K
}
Event: 5.849 GC heap before
{Heap before GC invocations=19 (full 0):
 garbage-first heap   total reserved 4139008K, committed 122880K, used 97746K [0x0000000703600000, 0x0000000800000000)
  region size 2048K, 36 young (73728K), 3 survivors (6144K)
 Metaspace       used 79417K, committed 80256K, reserved 1179648K
  class space    used 10776K, committed 11136K, reserved 1048576K
}
Event: 5.854 GC heap after
{Heap after GC invocations=20 (full 0):
 garbage-first heap   total reserved 4139008K, committed 122880K, used 34634K [0x0000000703600000, 0x0000000800000000)
  region size 2048K, 3 young (6144K), 3 survivors (6144K)
 Metaspace       used 79417K, committed 80256K, reserved 1179648K
  class space    used 10776K, committed 11136K, reserved 1048576K
}
Event: 6.182 GC heap before
{Heap before GC invocations=20 (full 0):
 garbage-first heap   total reserved 4139008K, committed 122880K, used 102218K [0x0000000703600000, 0x0000000800000000)
  region size 2048K, 36 young (73728K), 3 survivors (6144K)
 Metaspace       used 83285K, committed 84032K, reserved 1179648K
  class space    used 11535K, committed 11840K, reserved 1048576K
}
Event: 6.188 GC heap after
{Heap after GC invocations=21 (full 0):
 garbage-first heap   total reserved 4139008K, committed 122880K, used 37006K [0x0000000703600000, 0x0000000800000000)
  region size 2048K, 4 young (8192K), 4 survivors (8192K)
 Metaspace       used 83285K, committed 84032K, reserved 1179648K
  class space    used 11535K, committed 11840K, reserved 1048576K
}
Event: 6.680 GC heap before
{Heap before GC invocations=21 (full 0):
 garbage-first heap   total reserved 4139008K, committed 122880K, used 102542K [0x0000000703600000, 0x0000000800000000)
  region size 2048K, 36 young (73728K), 4 survivors (8192K)
 Metaspace       used 87212K, committed 88000K, reserved 1179648K
  class space    used 12103K, committed 12416K, reserved 1048576K
}
Event: 6.687 GC heap after
{Heap after GC invocations=22 (full 0):
 garbage-first heap   total reserved 4139008K, committed 122880K, used 39597K [0x0000000703600000, 0x0000000800000000)
  region size 2048K, 4 young (8192K), 4 survivors (8192K)
 Metaspace       used 87212K, committed 88000K, reserved 1179648K
  class space    used 12103K, committed 12416K, reserved 1048576K
}
Event: 12.731 GC heap before
{Heap before GC invocations=22 (full 0):
 garbage-first heap   total reserved 4139008K, committed 122880K, used 103085K [0x0000000703600000, 0x0000000800000000)
  region size 2048K, 36 young (73728K), 4 survivors (8192K)
 Metaspace       used 92004K, committed 92928K, reserved 1179648K
  class space    used 12767K, committed 13184K, reserved 1048576K
}
Event: 12.738 GC heap after
{Heap after GC invocations=23 (full 0):
 garbage-first heap   total reserved 4139008K, committed 122880K, used 42866K [0x0000000703600000, 0x0000000800000000)
  region size 2048K, 5 young (10240K), 5 survivors (10240K)
 Metaspace       used 92004K, committed 92928K, reserved 1179648K
  class space    used 12767K, committed 13184K, reserved 1048576K
}
Event: 13.129 GC heap before
{Heap before GC invocations=23 (full 0):
 garbage-first heap   total reserved 4139008K, committed 122880K, used 94066K [0x0000000703600000, 0x0000000800000000)
  region size 2048K, 32 young (65536K), 5 survivors (10240K)
 Metaspace       used 96959K, committed 97920K, reserved 1179648K
  class space    used 13200K, committed 13632K, reserved 1048576K
}
Event: 13.135 GC heap after
{Heap after GC invocations=24 (full 0):
 garbage-first heap   total reserved 4139008K, committed 122880K, used 44674K [0x0000000703600000, 0x0000000800000000)
  region size 2048K, 3 young (6144K), 3 survivors (6144K)
 Metaspace       used 96959K, committed 97920K, reserved 1179648K
  class space    used 13200K, committed 13632K, reserved 1048576K
}

