# JRE version: OpenJDK Runtime Environment Temurin-22.0.2+9 (22.0.2+9) (build 22.0.2+9)
# Java VM: OpenJDK 64-Bit Server VM Temurin-22.0.2+9 (22.0.2+9, mixed mode, emulated-client, tiered, compressed oops, compressed class ptrs, g1 gc, windows-amd64)
GC Precious Log:
 CardTable entry size: 512
 Card Set container configuration: InlinePtr #cards 4 size 8 Array Of Cards #cards 16 size 48 Howl #buckets 8 coarsen threshold 3686 Howl Bitmap #cards 512 size 80 coarsen threshold 460 Card regions per heap region 1 cards per card region 4096
 CPUs: 8 total, 8 available
 Memory: 16161M
 Large Page Support: Disabled
 NUMA Support: Disabled
 Compressed Oops: Enabled (Zero based)
 Heap Region Size: 2M
 Heap Min Capacity: 8M
 Heap Initial Capacity: 254M
 Heap Max Capacity: 4042M
 Pre-touch: Disabled
 Parallel Workers: 8
 Concurrent Workers: 2
 Concurrent Refinement Workers: 8
 Periodic GC: Disabled
Heap:
 garbage-first heap   total reserved 4139008K, committed 141312K, used 54919K [0x0000000703600000, 0x0000000800000000)
  region size 2048K, 8 young (16384K), 4 survivors (8192K)
 Metaspace       used 105711K, committed 106752K, reserved 1179648K
  class space    used 14443K, committed 14912K, reserved 1048576K
GC Heap History (20 events):
Event: 5.591 GC heap before
{Heap before GC invocations=19 (full 0):
 garbage-first heap   total reserved 4139008K, committed 96256K, used 80023K [0x0000000703600000, 0x0000000800000000)
  region size 2048K, 27 young (55296K), 3 survivors (6144K)
 Metaspace       used 72820K, committed 73536K, reserved 1114112K
  class space    used 9773K, committed 10112K, reserved 1048576K
}
Event: 5.595 GC heap after
{Heap after GC invocations=20 (full 0):
 garbage-first heap   total reserved 4139008K, committed 116736K, used 31837K [0x0000000703600000, 0x0000000800000000)
  region size 2048K, 2 young (4096K), 2 survivors (4096K)
 Metaspace       used 72820K, committed 73536K, reserved 1114112K
  class space    used 9773K, committed 10112K, reserved 1048576K
}
Event: 6.066 GC heap before
{Heap before GC invocations=20 (full 0):
 garbage-first heap   total reserved 4139008K, committed 116736K, used 95325K [0x0000000703600000, 0x0000000800000000)
  region size 2048K, 34 young (69632K), 2 survivors (4096K)
 Metaspace       used 78690K, committed 79488K, reserved 1179648K
  class space    used 10574K, committed 10944K, reserved 1048576K
}
Event: 6.072 GC heap after
{Heap after GC invocations=21 (full 0):
 garbage-first heap   total reserved 4139008K, committed 116736K, used 34109K [0x0000000703600000, 0x0000000800000000)
  region size 2048K, 3 young (6144K), 3 survivors (6144K)
 Metaspace       used 78690K, committed 79488K, reserved 1179648K
  class space    used 10574K, committed 10944K, reserved 1048576K
}
Event: 6.606 GC heap before
{Heap before GC invocations=21 (full 0):
 garbage-first heap   total reserved 4139008K, committed 116736K, used 97597K [0x0000000703600000, 0x0000000800000000)
  region size 2048K, 34 young (69632K), 3 survivors (6144K)
 Metaspace       used 83674K, committed 84480K, reserved 1179648K
  class space    used 11419K, committed 11776K, reserved 1048576K
}
Event: 6.611 GC heap after
{Heap after GC invocations=22 (full 0):
 garbage-first heap   total reserved 4139008K, committed 116736K, used 35954K [0x0000000703600000, 0x0000000800000000)
  region size 2048K, 4 young (8192K), 4 survivors (8192K)
 Metaspace       used 83674K, committed 84480K, reserved 1179648K
  class space    used 11419K, committed 11776K, reserved 1048576K
}
Event: 6.932 GC heap before
{Heap before GC invocations=22 (full 0):
 garbage-first heap   total reserved 4139008K, committed 116736K, used 97394K [0x0000000703600000, 0x0000000800000000)
  region size 2048K, 34 young (69632K), 4 survivors (8192K)
 Metaspace       used 86852K, committed 87680K, reserved 1179648K
  class space    used 12012K, committed 12352K, reserved 1048576K
}
Event: 6.938 GC heap after
{Heap after GC invocations=23 (full 0):
 garbage-first heap   total reserved 4139008K, committed 116736K, used 38481K [0x0000000703600000, 0x0000000800000000)
  region size 2048K, 4 young (8192K), 4 survivors (8192K)
 Metaspace       used 86852K, committed 87680K, reserved 1179648K
  class space    used 12012K, committed 12352K, reserved 1048576K
}
Event: 7.392 GC heap before
{Heap before GC invocations=23 (full 0):
 garbage-first heap   total reserved 4139008K, committed 116736K, used 97873K [0x0000000703600000, 0x0000000800000000)
  region size 2048K, 33 young (67584K), 4 survivors (8192K)
 Metaspace       used 89526K, committed 90368K, reserved 1179648K
  class space    used 12393K, committed 12736K, reserved 1048576K
}
Event: 7.398 GC heap after
{Heap after GC invocations=24 (full 0):
 garbage-first heap   total reserved 4139008K, committed 116736K, used 40711K [0x0000000703600000, 0x0000000800000000)
  region size 2048K, 4 young (8192K), 4 survivors (8192K)
 Metaspace       used 89526K, committed 90368K, reserved 1179648K
  class space    used 12393K, committed 12736K, reserved 1048576K
}
Event: 7.864 GC heap before
{Heap before GC invocations=24 (full 0):
 garbage-first heap   total reserved 4139008K, committed 116736K, used 98055K [0x0000000703600000, 0x0000000800000000)
  region size 2048K, 32 young (65536K), 4 survivors (8192K)
 Metaspace       used 92232K, committed 93120K, reserved 1179648K
  class space    used 12797K, committed 13184K, reserved 1048576K
}
Event: 7.870 GC heap after
{Heap after GC invocations=25 (full 0):
 garbage-first heap   total reserved 4139008K, committed 116736K, used 43271K [0x0000000703600000, 0x0000000800000000)
  region size 2048K, 3 young (6144K), 3 survivors (6144K)
 Metaspace       used 92232K, committed 93120K, reserved 1179648K
  class space    used 12797K, committed 13184K, reserved 1048576K
}
Event: 10.370 GC heap before
{Heap before GC invocations=25 (full 0):
 garbage-first heap   total reserved 4139008K, committed 116736K, used 98567K [0x0000000703600000, 0x0000000800000000)
  region size 2048K, 31 young (63488K), 3 survivors (6144K)
 Metaspace       used 96912K, committed 97856K, reserved 1179648K
  class space    used 13324K, committed 13760K, reserved 1048576K
}
Event: 10.376 GC heap after
{Heap after GC invocations=26 (full 0):
 garbage-first heap   total reserved 4139008K, committed 141312K, used 45967K [0x0000000703600000, 0x0000000800000000)
  region size 2048K, 3 young (6144K), 3 survivors (6144K)
 Metaspace       used 96912K, committed 97856K, reserved 1179648K
  class space    used 13324K, committed 13760K, reserved 1048576K
}
Event: 11.102 GC heap before
{Heap before GC invocations=27 (full 0):
 garbage-first heap   total reserved 4139008K, committed 141312K, used 121743K [0x0000000703600000, 0x0000000800000000)
  region size 2048K, 41 young (83968K), 3 survivors (6144K)
 Metaspace       used 101526K, committed 102528K, reserved 1179648K
  class space    used 13824K, committed 14272K, reserved 1048576K
}
Event: 11.108 GC heap after
{Heap after GC invocations=28 (full 0):
 garbage-first heap   total reserved 4139008K, committed 141312K, used 47602K [0x0000000703600000, 0x0000000800000000)
  region size 2048K, 4 young (8192K), 4 survivors (8192K)
 Metaspace       used 101526K, committed 102528K, reserved 1179648K
  class space    used 13824K, committed 14272K, reserved 1048576K
}
Event: 15.136 GC heap before
{Heap before GC invocations=28 (full 0):
 garbage-first heap   total reserved 4139008K, committed 141312K, used 121330K [0x0000000703600000, 0x0000000800000000)
  region size 2048K, 41 young (83968K), 4 survivors (8192K)
 Metaspace       used 104317K, committed 105344K, reserved 1179648K
  class space    used 14218K, committed 14656K, reserved 1048576K
}
Event: 15.144 GC heap after
{Heap after GC invocations=29 (full 0):
 garbage-first heap   total reserved 4139008K, committed 141312K, used 47991K [0x0000000703600000, 0x0000000800000000)
  region size 2048K, 3 young (6144K), 3 survivors (6144K)
 Metaspace       used 104317K, committed 105344K, reserved 1179648K
  class space    used 14218K, committed 14656K, reserved 1048576K
}
Event: 56.710 GC heap before
{Heap before GC invocations=29 (full 0):
 garbage-first heap   total reserved 4139008K, committed 141312K, used 107383K [0x0000000703600000, 0x0000000800000000)
  region size 2048K, 33 young (67584K), 3 survivors (6144K)
 Metaspace       used 105694K, committed 106752K, reserved 1179648K
  class space    used 14442K, committed 14912K, reserved 1048576K
}
Event: 56.714 GC heap after
{Heap after GC invocations=30 (full 0):
 garbage-first heap   total reserved 4139008K, committed 141312K, used 48775K [0x0000000703600000, 0x0000000800000000)
  region size 2048K, 4 young (8192K), 4 survivors (8192K)
 Metaspace       used 105694K, committed 106752K, reserved 1179648K
  class space    used 14442K, committed 14912K, reserved 1048576K
}

